<?xml version="1.0" encoding="UTF-8"?>
<!-- Generated by org.testng.reporters.JUnitReportReporter -->
<testsuite hostname="DESKTOP-UBHH3JU" failures="0" tests="1" name="com.hrm.TYSS.Leave.CreateLeaveTest" time="8.864" errors="0" timestamp="2022-12-07T09:58:03 IST" skipped="0">
  <testcase classname="com.hrm.TYSS.Leave.CreateLeaveTest" name="CreateLeave" time="8.864"/>
  <system-out/>
</testsuite> <!-- com.hrm.TYSS.Leave.CreateLeaveTest -->
